

Microchip MPLAB XC8 Assembler V2.45 build 20230818022343 
                                                                                               Tue Mar 04 11:14:19 2025

Microchip MPLAB XC8 C Compiler v2.45 (Free license) build 20230818022343 Og1 
     1                           	processor	18F25K80
     2                           	fnconf	rparam,??,?,0
     3                           	pagewidth 120
     4                           	opt	flic
     5                           	psect	smallconst,global,reloc=2,class=SMALLCONST,delta=1,noexec
     6                           	psect	nvCOMRAM,global,class=COMRAM,space=1,delta=1,lowdata,noexec
     7                           	psect	cinit,global,reloc=2,class=CODE,delta=1
     8                           	psect	bssCOMRAM,global,class=COMRAM,space=1,delta=1,lowdata,noexec
     9                           	psect	cstackCOMRAM,global,class=COMRAM,space=1,delta=1,lowdata,noexec
    10                           	psect	text0,global,reloc=2,class=CODE,delta=1
    11                           	psect	text1,global,reloc=2,class=CODE,delta=1
    12                           	psect	text2,global,reloc=2,class=CODE,delta=1
    13                           	psect	text3,global,reloc=2,class=CODE,delta=1
    14                           	psect	text4,global,reloc=2,class=CODE,delta=1
    15                           	psect	text5,global,reloc=2,class=CODE,delta=1
    16                           	psect	text6,global,reloc=2,class=CODE,delta=1
    17                           	psect	text7,global,reloc=2,class=CODE,delta=1
    18                           	psect	text8,global,reloc=2,class=CODE,delta=1
    19                           	psect	text9,global,reloc=2,class=CODE,delta=1
    20                           	psect	text10,global,reloc=2,class=CODE,delta=1
    21                           	psect	text11,global,reloc=2,class=CODE,delta=1
    22                           	psect	intsave_regs,global,class=BIGRAM,space=1,delta=1,noexec
    23                           	psect	rparam,global,class=COMRAM,space=1,delta=1,noexec
    24                           	psect	idloc,global,abs,ovrld,class=IDLOC,space=5,delta=1,noexec
    25                           	psect	config,global,abs,ovrld,class=CONFIG,space=4,delta=1,noexec
    26   000000                     
    27                           ; Generated 18/08/2023 GMT
    28                           ; 
    29                           ; Copyright © 2023, Microchip Technology Inc. and its subsidiaries ("Microchip")
    30                           ; All rights reserved.
    31                           ; 
    32                           ; This software is developed by Microchip Technology Inc. and its subsidiaries ("Microch
      +                          ip").
    33                           ; 
    34                           ; Redistribution and use in source and binary forms, with or without modification, are
    35                           ; permitted provided that the following conditions are met:
    36                           ; 
    37                           ;     1. Redistributions of source code must retain the above copyright notice, this lis
      +                          t of
    38                           ;        conditions and the following disclaimer.
    39                           ; 
    40                           ;     2. Redistributions in binary form must reproduce the above copyright notice, this 
      +                          list
    41                           ;        of conditions and the following disclaimer in the documentation and/or other
    42                           ;        materials provided with the distribution. Publication is not required when
    43                           ;        this file is used in an embedded application.
    44                           ; 
    45                           ;     3. Microchip's name may not be used to endorse or promote products derived from th
      +                          is
    46                           ;        software without specific prior written permission.
    47                           ; 
    48                           ; THIS SOFTWARE IS PROVIDED BY MICROCHIP "AS IS" AND ANY EXPRESS OR IMPLIED WARRANTIES,
    49                           ; INCLUDING, BUT NOT LIMITED TO, THE IMPLIED WARRANTIES OF MERCHANTABILITY AND FITNESS F
      +                          OR
    50                           ; PURPOSE ARE DISCLAIMED.  IN NO EVENT SHALL MICROCHIP BE LIABLE FOR ANY DIRECT, INDIREC
      +                          T,
    51                           ; INCIDENTAL, SPECIAL, EXEMPLARY, OR CONSEQUENTIAL DAMAGES (INCLUDING BUT NOT LIMITED TO
    52                           ; PROCUREMENT OF SUBSTITUTE GOODS OR SERVICES; LOSS OF USE, DATA OR PROFITS; OR BUSINESS
    53                           ; INTERRUPTION) HOWSOEVER CAUSED AND ON ANY THEORY OF LIABILITY, WHETHER IN CONTRACT, ST
      +                          RICT
    54                           ; LIABILITY, OR TORT (INCLUDING NEGLIGENCE OR OTHERWISE) ARISING IN ANY WAY OUT OF THE U
      +                          SE OF
    55                           ; THIS SOFTWARE, EVEN IF ADVISED OF THE POSSIBILITY OF SUCH DAMAGE.
    56                           ; 
    57                           ; 
    58                           ; Code-generator required, PIC18F25K80 Definitions
    59                           ; 
    60                           ; SFR Addresses
    61   000000                     
    62 ;; Function _EUSART1_DefaultFramingErrorHandler is unused but had its address taken
    63   000000                     
    64 ;; Function _EUSART1_DefaultOverrunErrorHandler is unused but had its address taken
    65   000000                     
    66 ;; Function _EUSART1_DefaultErrorHandler is unused but had its address taken
    67   000000                     
    68                           	psect	smallconst
    69   000F00                     __psmallconst:
    70                           	callstack 0
    71   000F00  00                 	db	0
    72   000F01                     _tri:
    73                           	callstack 0
    74   000F01  09                 	db	9
    75   000F02  11                 	db	17
    76   000F03  1A                 	db	26
    77   000F04  22                 	db	34
    78   000F05  2B                 	db	43
    79   000F06  33                 	db	51
    80   000F07  3C                 	db	60
    81   000F08  44                 	db	68
    82   000F09  4D                 	db	77
    83   000F0A  55                 	db	85
    84   000F0B  5E                 	db	94
    85   000F0C  66                 	db	102
    86   000F0D  6F                 	db	111
    87   000F0E  77                 	db	119
    88   000F0F  80                 	db	128
    89   000F10  88                 	db	136
    90   000F11  91                 	db	145
    91   000F12  99                 	db	153
    92   000F13  A2                 	db	162
    93   000F14  AA                 	db	170
    94   000F15  B3                 	db	179
    95   000F16  BB                 	db	187
    96   000F17  C4                 	db	196
    97   000F18  CC                 	db	204
    98   000F19  D5                 	db	213
    99   000F1A  DD                 	db	221
   100   000F1B  E6                 	db	230
   101   000F1C  EE                 	db	238
   102   000F1D  F7                 	db	247
   103   000F1E  FF                 	db	255
   104   000F1F  F7                 	db	247
   105   000F20  EE                 	db	238
   106   000F21  E6                 	db	230
   107   000F22  DD                 	db	221
   108   000F23  D5                 	db	213
   109   000F24  CC                 	db	204
   110   000F25  C4                 	db	196
   111   000F26  BB                 	db	187
   112   000F27  B3                 	db	179
   113   000F28  AA                 	db	170
   114   000F29  A2                 	db	162
   115   000F2A  99                 	db	153
   116   000F2B  91                 	db	145
   117   000F2C  88                 	db	136
   118   000F2D  80                 	db	128
   119   000F2E  77                 	db	119
   120   000F2F  6F                 	db	111
   121   000F30  66                 	db	102
   122   000F31  5E                 	db	94
   123   000F32  56                 	db	86
   124   000F33  4D                 	db	77
   125   000F34  44                 	db	68
   126   000F35  3C                 	db	60
   127   000F36  33                 	db	51
   128   000F37  2B                 	db	43
   129   000F38  22                 	db	34
   130   000F39  1A                 	db	26
   131   000F3A  11                 	db	17
   132   000F3B  09                 	db	9
   133   000F3C  00                 	db	0
   134   000F3D                     __end_of_tri:
   135                           	callstack 0
   136   000F3D                     _car:
   137                           	callstack 0
   138   000F3D  00                 	db	0
   139   000F3E  00                 	db	0
   140   000F3F  00                 	db	0
   141   000F40  00                 	db	0
   142   000F41  00                 	db	0
   143   000F42  00                 	db	0
   144   000F43  00                 	db	0
   145   000F44  00                 	db	0
   146   000F45  00                 	db	0
   147   000F46  00                 	db	0
   148   000F47  00                 	db	0
   149   000F48  00                 	db	0
   150   000F49  00                 	db	0
   151   000F4A  00                 	db	0
   152   000F4B  00                 	db	0
   153   000F4C  00                 	db	0
   154   000F4D  00                 	db	0
   155   000F4E  00                 	db	0
   156   000F4F  00                 	db	0
   157   000F50  00                 	db	0
   158   000F51  00                 	db	0
   159   000F52  00                 	db	0
   160   000F53  00                 	db	0
   161   000F54  00                 	db	0
   162   000F55  00                 	db	0
   163   000F56  00                 	db	0
   164   000F57  00                 	db	0
   165   000F58  00                 	db	0
   166   000F59  00                 	db	0
   167   000F5A  00                 	db	0
   168   000F5B  FF                 	db	255
   169   000F5C  FF                 	db	255
   170   000F5D  FF                 	db	255
   171   000F5E  FF                 	db	255
   172   000F5F  FF                 	db	255
   173   000F60  FF                 	db	255
   174   000F61  FF                 	db	255
   175   000F62  FF                 	db	255
   176   000F63  FF                 	db	255
   177   000F64  FF                 	db	255
   178   000F65  FF                 	db	255
   179   000F66  FF                 	db	255
   180   000F67  FF                 	db	255
   181   000F68  FF                 	db	255
   182   000F69  FF                 	db	255
   183   000F6A  FF                 	db	255
   184   000F6B  FF                 	db	255
   185   000F6C  FF                 	db	255
   186   000F6D  FF                 	db	255
   187   000F6E  FF                 	db	255
   188   000F6F  FF                 	db	255
   189   000F70  FF                 	db	255
   190   000F71  FF                 	db	255
   191   000F72  FF                 	db	255
   192   000F73  FF                 	db	255
   193   000F74  FF                 	db	255
   194   000F75  FF                 	db	255
   195   000F76  FF                 	db	255
   196   000F77  FF                 	db	255
   197   000F78  FF                 	db	255
   198   000F79                     __end_of_car:
   199                           	callstack 0
   200   000F79                     _sin:
   201                           	callstack 0
   202   000F79  FE                 	db	254
   203   000F7A  FE                 	db	254
   204   000F7B  FC                 	db	252
   205   000F7C  F9                 	db	249
   206   000F7D  F4                 	db	244
   207   000F7E  EE                 	db	238
   208   000F7F  E7                 	db	231
   209   000F80  DE                 	db	222
   210   000F81  D5                 	db	213
   211   000F82  CA                 	db	202
   212   000F83  BF                 	db	191
   213   000F84  B3                 	db	179
   214   000F85  A7                 	db	167
   215   000F86  9A                 	db	154
   216   000F87  8D                 	db	141
   217   000F88  7F                 	db	127
   218   000F89  72                 	db	114
   219   000F8A  65                 	db	101
   220   000F8B  58                 	db	88
   221   000F8C  4C                 	db	76
   222   000F8D  40                 	db	64
   223   000F8E  35                 	db	53
   224   000F8F  2A                 	db	42
   225   000F90  21                 	db	33
   226   000F91  18                 	db	24
   227   000F92  11                 	db	17
   228   000F93  0B                 	db	11
   229   000F94  06                 	db	6
   230   000F95  03                 	db	3
   231   000F96  01                 	db	1
   232   000F97  00                 	db	0
   233   000F98  01                 	db	1
   234   000F99  03                 	db	3
   235   000F9A  06                 	db	6
   236   000F9B  0B                 	db	11
   237   000F9C  11                 	db	17
   238   000F9D  18                 	db	24
   239   000F9E  21                 	db	33
   240   000F9F  2A                 	db	42
   241   000FA0  35                 	db	53
   242   000FA1  40                 	db	64
   243   000FA2  4C                 	db	76
   244   000FA3  58                 	db	88
   245   000FA4  65                 	db	101
   246   000FA5  72                 	db	114
   247   000FA6  80                 	db	128
   248   000FA7  8D                 	db	141
   249   000FA8  9A                 	db	154
   250   000FA9  A7                 	db	167
   251   000FAA  B3                 	db	179
   252   000FAB  BF                 	db	191
   253   000FAC  CA                 	db	202
   254   000FAD  D5                 	db	213
   255   000FAE  DE                 	db	222
   256   000FAF  E7                 	db	231
   257   000FB0  EE                 	db	238
   258   000FB1  F4                 	db	244
   259   000FB2  F9                 	db	249
   260   000FB3  FC                 	db	252
   261   000FB4  FE                 	db	254
   262   000FB5                     __end_of_sin:
   263                           	callstack 0
   264   000FB5                     _spi_configuration:
   265                           	callstack 0
   266   000FB5  02                 	db	2
   267   000FB6  40                 	db	64
   268   000FB7  01                 	db	1
   269   000FB8  00                 	db	0
   270   000FB9                     __end_of_spi_configuration:
   271                           	callstack 0
   272   000000                     _TXREG1	set	4013
   273   000000                     _RCREG1	set	4014
   274   000000                     _SPBRG1	set	4015
   275   000000                     _TXSTA1	set	4012
   276   000FB9  00                 	db	0	; dummy byte at the end
   277   000000                     
   278                           	psect	nvCOMRAM
   279   000001                     __pnvCOMRAM:
   280                           	callstack 0
   281   000001                     _EUSART1_ErrorHandler:
   282                           	callstack 0
   283   000001                     	ds	2
   284   000003                     _EUSART1_OverrunErrorHandler:
   285                           	callstack 0
   286   000003                     	ds	2
   287   000005                     _EUSART1_FramingErrorHandler:
   288                           	callstack 0
   289   000005                     	ds	2
   290   000000                     _RCSTA1bits	set	4011
   291   000000                     _TXSTA1bits	set	4012
   292   000000                     _TRISCbits	set	3988
   293   000000                     _SSPCON1	set	4038
   294   000000                     _LATAbits	set	3977
   295   000000                     _WPUB	set	3931
   296   000000                     _ANCON1	set	3932
   297   000000                     _ANCON0	set	3933
   298   000000                     _LATA	set	3977
   299   000000                     _REFOCON	set	3994
   300   000000                     _OSCTUNE	set	3995
   301   000000                     _OSCCON2	set	4050
   302   000000                     _OSCCON	set	4051
   303   000000                     _INTCON2bits	set	4081
   304   000000                     _PIR1bits	set	3998
   305   000000                     _SSPCON2	set	4037
   306   000000                     _SSPCON1bits	set	4038
   307   000000                     _TRISA	set	3986
   308   000000                     _LATC	set	3979
   309   000000                     _LATB	set	3978
   310   000000                     _TRISC	set	3988
   311   000000                     _TRISB	set	3987
   312   000000                     _SPBRGH1	set	3965
   313   000000                     _INTCONbits	set	4082
   314   000000                     _SSPBUF	set	4041
   315   000000                     _SSPADD	set	4040
   316   000000                     _SSPSTAT	set	4039
   317   000000                     _BAUDCON1	set	4007
   318   000000                     _RCSTA1	set	4011
   319                           
   320                           ; #config settings
   321                           
   322                           	psect	cinit
   323   0010DA                     __pcinit:
   324                           	callstack 0
   325   0010DA                     start_initialization:
   326                           	callstack 0
   327   0010DA                     __initialization:
   328                           	callstack 0
   329                           
   330                           ; Clear objects allocated to COMRAM (1 bytes)
   331   0010DA  6A0B               	clrf	__pbssCOMRAM& (0+255),c
   332   0010DC                     end_of_initialization:
   333                           	callstack 0
   334   0010DC                     __end_of__initialization:
   335                           	callstack 0
   336   0010DC  0E00               	movlw	low (__Lmediumconst shr (0+16))
   337   0010DE  6EF8               	movwf	tblptru,c
   338   0010E0  0100               	movlb	0
   339   0010E2  EF3E  F008         	goto	_main	;jump to C main() function
   340                           
   341                           	psect	bssCOMRAM
   342   00000B                     __pbssCOMRAM:
   343                           	callstack 0
   344   00000B                     _eusart1RxLastError:
   345                           	callstack 0
   346   00000B                     	ds	1
   347                           
   348                           	psect	cstackCOMRAM
   349   000007                     __pcstackCOMRAM:
   350                           	callstack 0
   351   000007                     SPI_ExchangeByte@data:
   352                           	callstack 0
   353   000007                     EUSART1_SetFramingErrorHandler@interruptHandler:
   354                           	callstack 0
   355   000007                     EUSART1_SetOverrunErrorHandler@interruptHandler:
   356                           	callstack 0
   357   000007                     EUSART1_SetErrorHandler@interruptHandler:
   358                           	callstack 0
   359                           
   360                           ; 2 bytes @ 0x0
   361   000007                     	ds	1
   362   000008                     out_dig@x:
   363                           	callstack 0
   364                           
   365                           ; 1 bytes @ 0x1
   366   000008                     	ds	1
   367   000009                     ??_sinus_60:
   368   000009                     
   369                           ; 1 bytes @ 0x2
   370   000009                     	ds	1
   371   00000A                     sinus_60@i:
   372                           	callstack 0
   373                           
   374                           ; 1 bytes @ 0x3
   375   00000A                     	ds	1
   376   00000B                     
   377                           ; 1 bytes @ 0x4
   378 ;;
   379 ;;Main: autosize = 0, tempsize = 0, incstack = 0, save=0
   380 ;;
   381 ;; *************** function _main *****************
   382 ;; Defined at:
   383 ;;		line 47 in file "main.c"
   384 ;; Parameters:    Size  Location     Type
   385 ;;		None
   386 ;; Auto vars:     Size  Location     Type
   387 ;;  tension         4    0        float 
   388 ;;  lecture         1    0        unsigned char 
   389 ;;  valeur          1    0        unsigned char 
   390 ;; Return value:  Size  Location     Type
   391 ;;                  1    wreg      void 
   392 ;; Registers used:
   393 ;;		wreg, status,2, status,0, tblptrl, tblptrh, tblptru, cstack
   394 ;; Tracked objects:
   395 ;;		On entry : 0/0
   396 ;;		On exit  : 0/0
   397 ;;		Unchanged: 0/0
   398 ;; Data sizes:     COMRAM   BANK0   BANK1   BANK2   BANK3   BANK4   BANK5   BANK6   BANK7   BANK8   BANK9  BANK10  BANK1
      +1  BANK12  BANK13  BANK14
   399 ;;      Params:         0       0       0       0       0       0       0       0       0       0       0       0       
      +0       0       0       0
   400 ;;      Locals:         0       0       0       0       0       0       0       0       0       0       0       0       
      +0       0       0       0
   401 ;;      Temps:          0       0       0       0       0       0       0       0       0       0       0       0       
      +0       0       0       0
   402 ;;      Totals:         0       0       0       0       0       0       0       0       0       0       0       0       
      +0       0       0       0
   403 ;;Total ram usage:        0 bytes
   404 ;; Hardware stack levels required when called: 3
   405 ;; This function calls:
   406 ;;		_SYSTEM_Initialize
   407 ;;		_sinus_60
   408 ;; This function is called by:
   409 ;;		Startup code after reset
   410 ;; This function uses a non-reentrant model
   411 ;;
   412                           
   413                           	psect	text0
   414   00107C                     __ptext0:
   415                           	callstack 0
   416   00107C                     _main:
   417                           	callstack 28
   418   00107C                     
   419                           ;main.c: 49:     uint8_t valeur, lecture;;main.c: 50:     float tension;;main.c: 52:    
      +                           SYSTEM_Initialize();
   420   00107C  EC52  F008         	call	_SYSTEM_Initialize	;wreg free
   421   001080                     
   422                           ;main.c: 60:     SSPCON1bits.SSPEN = 1;
   423   001080  8AC6               	bsf	198,5,c	;volatile
   424   001082  8A89               	bsf	137,5,c	;volatile
   425   001084                     l1097:
   426                           
   427                           ;main.c: 64:     {;main.c: 96:         sinus_60();
   428   001084  ECDD  F007         	call	_sinus_60	;wreg free
   429   001088  EF42  F008         	goto	l1097
   430   00108C  EF00  F000         	goto	start
   431   001090                     __end_of_main:
   432                           	callstack 0
   433                           
   434 ;; *************** function _sinus_60 *****************
   435 ;; Defined at:
   436 ;;		line 122 in file "main.c"
   437 ;; Parameters:    Size  Location     Type
   438 ;;		None
   439 ;; Auto vars:     Size  Location     Type
   440 ;;  i               1    3[COMRAM] unsigned char 
   441 ;; Return value:  Size  Location     Type
   442 ;;                  1    wreg      void 
   443 ;; Registers used:
   444 ;;		wreg, status,2, status,0, tblptrl, tblptrh, tblptru, cstack
   445 ;; Tracked objects:
   446 ;;		On entry : 0/0
   447 ;;		On exit  : 0/0
   448 ;;		Unchanged: 0/0
   449 ;; Data sizes:     COMRAM   BANK0   BANK1   BANK2   BANK3   BANK4   BANK5   BANK6   BANK7   BANK8   BANK9  BANK10  BANK1
      +1  BANK12  BANK13  BANK14
   450 ;;      Params:         0       0       0       0       0       0       0       0       0       0       0       0       
      +0       0       0       0
   451 ;;      Locals:         1       0       0       0       0       0       0       0       0       0       0       0       
      +0       0       0       0
   452 ;;      Temps:          1       0       0       0       0       0       0       0       0       0       0       0       
      +0       0       0       0
   453 ;;      Totals:         2       0       0       0       0       0       0       0       0       0       0       0       
      +0       0       0       0
   454 ;;Total ram usage:        2 bytes
   455 ;; Hardware stack levels used: 1
   456 ;; Hardware stack levels required when called: 2
   457 ;; This function calls:
   458 ;;		_out_dig
   459 ;; This function is called by:
   460 ;;		_main
   461 ;; This function uses a non-reentrant model
   462 ;;
   463                           
   464                           	psect	text1
   465   000FBA                     __ptext1:
   466                           	callstack 0
   467   000FBA                     _sinus_60:
   468                           	callstack 28
   469   000FBA                     l83:
   470   000FBA                     
   471                           ;main.c: 125:         for (i=0;i<60;i++) {
   472   000FBA  0E00               	movlw	0
   473   000FBC  6E0A               	movwf	sinus_60@i^0,c
   474   000FBE                     l969:
   475                           
   476                           ;main.c: 126:             out_dig(sin[i]);
   477   000FBE  500A               	movf	sinus_60@i^0,w,c
   478   000FC0  0F79               	addlw	low _sin
   479   000FC2  6E09               	movwf	??_sinus_60^0,c
   480   000FC4  C009  FFF6         	movff	??_sinus_60,tblptrl
   481   000FC8                     	if	1	;There is more than 1 active tblptr byte
   482   000FC8  0E0F               	movlw	high __smallconst
   483   000FCA  6EF7               	movwf	tblptrh,c
   484   000FCC                     	endif
   485   000FCC                     	if	0	;tblptru may be non-zero
   486   000FCC                     	endif
   487   000FCC                     	if	0	;tblptru may be non-zero
   488   000FCC                     	endif
   489   000FCC  0008               	tblrd		*
   490   000FCE  50F5               	movf	tablat,w,c
   491   000FD0  EC48  F008         	call	_out_dig
   492   000FD4                     
   493                           ;main.c: 127:    _delay((unsigned long)((1)*(20000000/4000.0)));
   494   000FD4  0E07               	movlw	7
   495   000FD6  6E09               	movwf	??_sinus_60^0,c
   496   000FD8  0E7D               	movlw	125
   497   000FDA                     u137:
   498   000FDA  2EE8               	decfsz	wreg,f,c
   499   000FDC  D7FE               	bra	u137
   500   000FDE  2E09               	decfsz	??_sinus_60^0,f,c
   501   000FE0  D7FC               	bra	u137
   502   000FE2  0000               	nop	
   503   000FE4                     
   504                           ;main.c: 128:             }
   505   000FE4  2A0A               	incf	sinus_60@i^0,f,c
   506   000FE6  0E3B               	movlw	59
   507   000FE8  640A               	cpfsgt	sinus_60@i^0,c
   508   000FEA  EFF9  F007         	goto	u21
   509   000FEE  EFFB  F007         	goto	u20
   510   000FF2                     u21:
   511   000FF2  EFDF  F007         	goto	l969
   512   000FF6                     u20:
   513   000FF6  EFDD  F007         	goto	l83
   514   000FFA  0012               	return		;funcret
   515   000FFC                     __end_of_sinus_60:
   516                           	callstack 0
   517                           
   518 ;; *************** function _out_dig *****************
   519 ;; Defined at:
   520 ;;		line 136 in file "main.c"
   521 ;; Parameters:    Size  Location     Type
   522 ;;  x               1    wreg     unsigned char 
   523 ;; Auto vars:     Size  Location     Type
   524 ;;  x               1    1[COMRAM] unsigned char 
   525 ;; Return value:  Size  Location     Type
   526 ;;                  1    wreg      void 
   527 ;; Registers used:
   528 ;;		wreg, status,2, cstack
   529 ;; Tracked objects:
   530 ;;		On entry : 0/0
   531 ;;		On exit  : 0/0
   532 ;;		Unchanged: 0/0
   533 ;; Data sizes:     COMRAM   BANK0   BANK1   BANK2   BANK3   BANK4   BANK5   BANK6   BANK7   BANK8   BANK9  BANK10  BANK1
      +1  BANK12  BANK13  BANK14
   534 ;;      Params:         0       0       0       0       0       0       0       0       0       0       0       0       
      +0       0       0       0
   535 ;;      Locals:         1       0       0       0       0       0       0       0       0       0       0       0       
      +0       0       0       0
   536 ;;      Temps:          0       0       0       0       0       0       0       0       0       0       0       0       
      +0       0       0       0
   537 ;;      Totals:         1       0       0       0       0       0       0       0       0       0       0       0       
      +0       0       0       0
   538 ;;Total ram usage:        1 bytes
   539 ;; Hardware stack levels used: 1
   540 ;; Hardware stack levels required when called: 1
   541 ;; This function calls:
   542 ;;		_SPI_ExchangeByte
   543 ;; This function is called by:
   544 ;;		_sinus_60
   545 ;; This function uses a non-reentrant model
   546 ;;
   547                           
   548                           	psect	text2
   549   001090                     __ptext2:
   550                           	callstack 0
   551   001090                     _out_dig:
   552                           	callstack 28
   553                           
   554                           ;incstack = 0
   555                           ;out_dig@x stored from wreg
   556   001090  6E08               	movwf	out_dig@x^0,c
   557   001092  9A89               	bcf	137,5,c	;volatile
   558   001094                     
   559                           ;main.c: 139:  SPI_ExchangeByte(0x11);
   560   001094  0E11               	movlw	17
   561   001096  EC31  F008         	call	_SPI_ExchangeByte
   562                           
   563                           ;main.c: 140:  SPI_ExchangeByte(x);
   564   00109A  5008               	movf	out_dig@x^0,w,c
   565   00109C  EC31  F008         	call	_SPI_ExchangeByte
   566   0010A0  8A89               	bsf	137,5,c	;volatile
   567   0010A2  0012               	return		;funcret
   568   0010A4                     __end_of_out_dig:
   569                           	callstack 0
   570                           
   571 ;; *************** function _SPI_ExchangeByte *****************
   572 ;; Defined at:
   573 ;;		line 92 in file "mcc_generated_files/spi.c"
   574 ;; Parameters:    Size  Location     Type
   575 ;;  data            1    wreg     unsigned char 
   576 ;; Auto vars:     Size  Location     Type
   577 ;;  data            1    0[COMRAM] unsigned char 
   578 ;; Return value:  Size  Location     Type
   579 ;;                  1    wreg      unsigned char 
   580 ;; Registers used:
   581 ;;		wreg, status,2
   582 ;; Tracked objects:
   583 ;;		On entry : 0/0
   584 ;;		On exit  : 0/0
   585 ;;		Unchanged: 0/0
   586 ;; Data sizes:     COMRAM   BANK0   BANK1   BANK2   BANK3   BANK4   BANK5   BANK6   BANK7   BANK8   BANK9  BANK10  BANK1
      +1  BANK12  BANK13  BANK14
   587 ;;      Params:         0       0       0       0       0       0       0       0       0       0       0       0       
      +0       0       0       0
   588 ;;      Locals:         1       0       0       0       0       0       0       0       0       0       0       0       
      +0       0       0       0
   589 ;;      Temps:          0       0       0       0       0       0       0       0       0       0       0       0       
      +0       0       0       0
   590 ;;      Totals:         1       0       0       0       0       0       0       0       0       0       0       0       
      +0       0       0       0
   591 ;;Total ram usage:        1 bytes
   592 ;; Hardware stack levels used: 1
   593 ;; This function calls:
   594 ;;		Nothing
   595 ;; This function is called by:
   596 ;;		_out_dig
   597 ;;		_SPI_WriteBlock
   598 ;;		_SPI_ReadBlock
   599 ;; This function uses a non-reentrant model
   600 ;;
   601                           
   602                           	psect	text3
   603   001062                     __ptext3:
   604                           	callstack 0
   605   001062                     _SPI_ExchangeByte:
   606                           	callstack 28
   607                           
   608                           ;incstack = 0
   609                           ;SPI_ExchangeByte@data stored from wreg
   610   001062  6E07               	movwf	SPI_ExchangeByte@data^0,c
   611   001064                     
   612                           ;mcc_generated_files/spi.c: 92: uint8_t SPI_ExchangeByte(uint8_t data);mcc_generated_fil
      +                          es/spi.c: 93: {;mcc_generated_files/spi.c: 94:     SSPBUF = data;
   613   001064  C007  FFC9         	movff	SPI_ExchangeByte@data,4041	;volatile
   614   001068                     l126:
   615   001068  A69E               	btfss	158,3,c	;volatile
   616   00106A  EF39  F008         	goto	u11
   617   00106E  EF3B  F008         	goto	u10
   618   001072                     u11:
   619   001072  EF34  F008         	goto	l126
   620   001076                     u10:
   621   001076                     
   622                           ;mcc_generated_files/spi.c: 96:     PIR1bits.SSPIF = 0;
   623   001076  969E               	bcf	158,3,c	;volatile
   624                           
   625                           ;mcc_generated_files/spi.c: 97:     return SSPBUF;
   626   001078  50C9               	movf	201,w,c	;volatile
   627   00107A  0012               	return		;funcret
   628   00107C                     __end_of_SPI_ExchangeByte:
   629                           	callstack 0
   630                           
   631 ;; *************** function _SYSTEM_Initialize *****************
   632 ;; Defined at:
   633 ;;		line 50 in file "mcc_generated_files/mcc.c"
   634 ;; Parameters:    Size  Location     Type
   635 ;;		None
   636 ;; Auto vars:     Size  Location     Type
   637 ;;		None
   638 ;; Return value:  Size  Location     Type
   639 ;;                  1    wreg      void 
   640 ;; Registers used:
   641 ;;		wreg, status,2, status,0, cstack
   642 ;; Tracked objects:
   643 ;;		On entry : 0/0
   644 ;;		On exit  : 0/0
   645 ;;		Unchanged: 0/0
   646 ;; Data sizes:     COMRAM   BANK0   BANK1   BANK2   BANK3   BANK4   BANK5   BANK6   BANK7   BANK8   BANK9  BANK10  BANK1
      +1  BANK12  BANK13  BANK14
   647 ;;      Params:         0       0       0       0       0       0       0       0       0       0       0       0       
      +0       0       0       0
   648 ;;      Locals:         0       0       0       0       0       0       0       0       0       0       0       0       
      +0       0       0       0
   649 ;;      Temps:          0       0       0       0       0       0       0       0       0       0       0       0       
      +0       0       0       0
   650 ;;      Totals:         0       0       0       0       0       0       0       0       0       0       0       0       
      +0       0       0       0
   651 ;;Total ram usage:        0 bytes
   652 ;; Hardware stack levels used: 1
   653 ;; Hardware stack levels required when called: 2
   654 ;; This function calls:
   655 ;;		_EUSART1_Initialize
   656 ;;		_OSCILLATOR_Initialize
   657 ;;		_PIN_MANAGER_Initialize
   658 ;;		_SPI_Initialize
   659 ;; This function is called by:
   660 ;;		_main
   661 ;; This function uses a non-reentrant model
   662 ;;
   663                           
   664                           	psect	text4
   665   0010A4                     __ptext4:
   666                           	callstack 0
   667   0010A4                     _SYSTEM_Initialize:
   668                           	callstack 28
   669   0010A4                     
   670                           ;mcc_generated_files/mcc.c: 53:     SPI_Initialize();
   671   0010A4  EC5B  F008         	call	_SPI_Initialize	;wreg free
   672                           
   673                           ;mcc_generated_files/mcc.c: 54:     PIN_MANAGER_Initialize();
   674   0010A8  EC1D  F008         	call	_PIN_MANAGER_Initialize	;wreg free
   675                           
   676                           ;mcc_generated_files/mcc.c: 55:     OSCILLATOR_Initialize();
   677   0010AC  EC64  F008         	call	_OSCILLATOR_Initialize	;wreg free
   678   0010B0                     
   679                           ;mcc_generated_files/mcc.c: 56:     EUSART1_Initialize();
   680   0010B0  ECFE  F007         	call	_EUSART1_Initialize	;wreg free
   681   0010B4  0012               	return		;funcret
   682   0010B6                     __end_of_SYSTEM_Initialize:
   683                           	callstack 0
   684                           
   685 ;; *************** function _SPI_Initialize *****************
   686 ;; Defined at:
   687 ;;		line 62 in file "mcc_generated_files/spi.c"
   688 ;; Parameters:    Size  Location     Type
   689 ;;		None
   690 ;; Auto vars:     Size  Location     Type
   691 ;;		None
   692 ;; Return value:  Size  Location     Type
   693 ;;                  1    wreg      void 
   694 ;; Registers used:
   695 ;;		wreg, status,2
   696 ;; Tracked objects:
   697 ;;		On entry : 0/0
   698 ;;		On exit  : 0/0
   699 ;;		Unchanged: 0/0
   700 ;; Data sizes:     COMRAM   BANK0   BANK1   BANK2   BANK3   BANK4   BANK5   BANK6   BANK7   BANK8   BANK9  BANK10  BANK1
      +1  BANK12  BANK13  BANK14
   701 ;;      Params:         0       0       0       0       0       0       0       0       0       0       0       0       
      +0       0       0       0
   702 ;;      Locals:         0       0       0       0       0       0       0       0       0       0       0       0       
      +0       0       0       0
   703 ;;      Temps:          0       0       0       0       0       0       0       0       0       0       0       0       
      +0       0       0       0
   704 ;;      Totals:         0       0       0       0       0       0       0       0       0       0       0       0       
      +0       0       0       0
   705 ;;Total ram usage:        0 bytes
   706 ;; Hardware stack levels used: 1
   707 ;; This function calls:
   708 ;;		Nothing
   709 ;; This function is called by:
   710 ;;		_SYSTEM_Initialize
   711 ;; This function uses a non-reentrant model
   712 ;;
   713                           
   714                           	psect	text5
   715   0010B6                     __ptext5:
   716                           	callstack 0
   717   0010B6                     _SPI_Initialize:
   718                           	callstack 29
   719   0010B6                     
   720                           ;mcc_generated_files/spi.c: 65:     SSPSTAT = 0x40;
   721   0010B6  0E40               	movlw	64
   722   0010B8  6EC7               	movwf	199,c	;volatile
   723                           
   724                           ;mcc_generated_files/spi.c: 66:     SSPCON1 = 0x02;
   725   0010BA  0E02               	movlw	2
   726   0010BC  6EC6               	movwf	198,c	;volatile
   727                           
   728                           ;mcc_generated_files/spi.c: 67:     SSPADD = 0x01;
   729   0010BE  0E01               	movlw	1
   730   0010C0  6EC8               	movwf	200,c	;volatile
   731   0010C2                     
   732                           ;mcc_generated_files/spi.c: 68:     TRISCbits.TRISC3 = 0;
   733   0010C2  9694               	bcf	148,3,c	;volatile
   734   0010C4                     
   735                           ;mcc_generated_files/spi.c: 69:     SSPCON1bits.SSPEN = 0;
   736   0010C4  9AC6               	bcf	198,5,c	;volatile
   737   0010C6  0012               	return		;funcret
   738   0010C8                     __end_of_SPI_Initialize:
   739                           	callstack 0
   740                           
   741 ;; *************** function _PIN_MANAGER_Initialize *****************
   742 ;; Defined at:
   743 ;;		line 55 in file "mcc_generated_files/pin_manager.c"
   744 ;; Parameters:    Size  Location     Type
   745 ;;		None
   746 ;; Auto vars:     Size  Location     Type
   747 ;;		None
   748 ;; Return value:  Size  Location     Type
   749 ;;                  1    wreg      void 
   750 ;; Registers used:
   751 ;;		wreg, status,2
   752 ;; Tracked objects:
   753 ;;		On entry : 0/0
   754 ;;		On exit  : 0/0
   755 ;;		Unchanged: 0/0
   756 ;; Data sizes:     COMRAM   BANK0   BANK1   BANK2   BANK3   BANK4   BANK5   BANK6   BANK7   BANK8   BANK9  BANK10  BANK1
      +1  BANK12  BANK13  BANK14
   757 ;;      Params:         0       0       0       0       0       0       0       0       0       0       0       0       
      +0       0       0       0
   758 ;;      Locals:         0       0       0       0       0       0       0       0       0       0       0       0       
      +0       0       0       0
   759 ;;      Temps:          0       0       0       0       0       0       0       0       0       0       0       0       
      +0       0       0       0
   760 ;;      Totals:         0       0       0       0       0       0       0       0       0       0       0       0       
      +0       0       0       0
   761 ;;Total ram usage:        0 bytes
   762 ;; Hardware stack levels used: 1
   763 ;; This function calls:
   764 ;;		Nothing
   765 ;; This function is called by:
   766 ;;		_SYSTEM_Initialize
   767 ;; This function uses a non-reentrant model
   768 ;;
   769                           
   770                           	psect	text6
   771   00103A                     __ptext6:
   772                           	callstack 0
   773   00103A                     _PIN_MANAGER_Initialize:
   774                           	callstack 29
   775   00103A                     
   776                           ;mcc_generated_files/pin_manager.c: 60:     LATA = 0x00;
   777   00103A  0E00               	movlw	0
   778   00103C  6E89               	movwf	137,c	;volatile
   779                           
   780                           ;mcc_generated_files/pin_manager.c: 61:     LATB = 0x00;
   781   00103E  0E00               	movlw	0
   782   001040  6E8A               	movwf	138,c	;volatile
   783                           
   784                           ;mcc_generated_files/pin_manager.c: 62:     LATC = 0x00;
   785   001042  0E00               	movlw	0
   786   001044  6E8B               	movwf	139,c	;volatile
   787                           
   788                           ;mcc_generated_files/pin_manager.c: 67:     TRISA = 0xCF;
   789   001046  0ECF               	movlw	207
   790   001048  6E92               	movwf	146,c	;volatile
   791   00104A                     
   792                           ;mcc_generated_files/pin_manager.c: 68:     TRISB = 0xFF;
   793   00104A  6893               	setf	147,c	;volatile
   794                           
   795                           ;mcc_generated_files/pin_manager.c: 69:     TRISC = 0x97;
   796   00104C  0E97               	movlw	151
   797   00104E  6E94               	movwf	148,c	;volatile
   798                           
   799                           ;mcc_generated_files/pin_manager.c: 74:     ANCON0 = 0x1F;
   800   001050  0E1F               	movlw	31
   801   001052  010F               	movlb	15	; () banked
   802   001054  6F5D               	movwf	93,b	;volatile
   803                           
   804                           ;mcc_generated_files/pin_manager.c: 75:     ANCON1 = 0x07;
   805   001056  0E07               	movlw	7
   806   001058  6F5C               	movwf	92,b	;volatile
   807                           
   808                           ;mcc_generated_files/pin_manager.c: 80:     WPUB = 0x00;
   809   00105A  0E00               	movlw	0
   810   00105C  6F5B               	movwf	91,b	;volatile
   811   00105E                     
   812                           ; BSR set to: 15
   813                           ;mcc_generated_files/pin_manager.c: 81:     INTCON2bits.nRBPU = 1;
   814   00105E  8EF1               	bsf	241,7,c	;volatile
   815   001060                     
   816                           ; BSR set to: 15
   817   001060  0012               	return		;funcret
   818   001062                     __end_of_PIN_MANAGER_Initialize:
   819                           	callstack 0
   820                           
   821 ;; *************** function _OSCILLATOR_Initialize *****************
   822 ;; Defined at:
   823 ;;		line 59 in file "mcc_generated_files/mcc.c"
   824 ;; Parameters:    Size  Location     Type
   825 ;;		None
   826 ;; Auto vars:     Size  Location     Type
   827 ;;		None
   828 ;; Return value:  Size  Location     Type
   829 ;;                  1    wreg      void 
   830 ;; Registers used:
   831 ;;		wreg, status,2
   832 ;; Tracked objects:
   833 ;;		On entry : 0/0
   834 ;;		On exit  : 0/0
   835 ;;		Unchanged: 0/0
   836 ;; Data sizes:     COMRAM   BANK0   BANK1   BANK2   BANK3   BANK4   BANK5   BANK6   BANK7   BANK8   BANK9  BANK10  BANK1
      +1  BANK12  BANK13  BANK14
   837 ;;      Params:         0       0       0       0       0       0       0       0       0       0       0       0       
      +0       0       0       0
   838 ;;      Locals:         0       0       0       0       0       0       0       0       0       0       0       0       
      +0       0       0       0
   839 ;;      Temps:          0       0       0       0       0       0       0       0       0       0       0       0       
      +0       0       0       0
   840 ;;      Totals:         0       0       0       0       0       0       0       0       0       0       0       0       
      +0       0       0       0
   841 ;;Total ram usage:        0 bytes
   842 ;; Hardware stack levels used: 1
   843 ;; This function calls:
   844 ;;		Nothing
   845 ;; This function is called by:
   846 ;;		_SYSTEM_Initialize
   847 ;; This function uses a non-reentrant model
   848 ;;
   849                           
   850                           	psect	text7
   851   0010C8                     __ptext7:
   852                           	callstack 0
   853   0010C8                     _OSCILLATOR_Initialize:
   854                           	callstack 29
   855   0010C8                     
   856                           ;mcc_generated_files/mcc.c: 62:     OSCCON = 0x60;
   857   0010C8  0E60               	movlw	96
   858   0010CA  6ED3               	movwf	211,c	;volatile
   859                           
   860                           ;mcc_generated_files/mcc.c: 64:     OSCCON2 = 0x00;
   861   0010CC  0E00               	movlw	0
   862   0010CE  6ED2               	movwf	210,c	;volatile
   863                           
   864                           ;mcc_generated_files/mcc.c: 66:     OSCTUNE = 0x00;
   865   0010D0  0E00               	movlw	0
   866   0010D2  6E9B               	movwf	155,c	;volatile
   867                           
   868                           ;mcc_generated_files/mcc.c: 68:     REFOCON = 0x00;
   869   0010D4  0E00               	movlw	0
   870   0010D6  6E9A               	movwf	154,c	;volatile
   871   0010D8  0012               	return		;funcret
   872   0010DA                     __end_of_OSCILLATOR_Initialize:
   873                           	callstack 0
   874                           
   875 ;; *************** function _EUSART1_Initialize *****************
   876 ;; Defined at:
   877 ;;		line 66 in file "mcc_generated_files/eusart1.c"
   878 ;; Parameters:    Size  Location     Type
   879 ;;		None
   880 ;; Auto vars:     Size  Location     Type
   881 ;;		None
   882 ;; Return value:  Size  Location     Type
   883 ;;                  1    wreg      void 
   884 ;; Registers used:
   885 ;;		wreg, status,2, status,0, cstack
   886 ;; Tracked objects:
   887 ;;		On entry : 0/0
   888 ;;		On exit  : 0/0
   889 ;;		Unchanged: 0/0
   890 ;; Data sizes:     COMRAM   BANK0   BANK1   BANK2   BANK3   BANK4   BANK5   BANK6   BANK7   BANK8   BANK9  BANK10  BANK1
      +1  BANK12  BANK13  BANK14
   891 ;;      Params:         0       0       0       0       0       0       0       0       0       0       0       0       
      +0       0       0       0
   892 ;;      Locals:         0       0       0       0       0       0       0       0       0       0       0       0       
      +0       0       0       0
   893 ;;      Temps:          0       0       0       0       0       0       0       0       0       0       0       0       
      +0       0       0       0
   894 ;;      Totals:         0       0       0       0       0       0       0       0       0       0       0       0       
      +0       0       0       0
   895 ;;Total ram usage:        0 bytes
   896 ;; Hardware stack levels used: 1
   897 ;; Hardware stack levels required when called: 1
   898 ;; This function calls:
   899 ;;		_EUSART1_SetErrorHandler
   900 ;;		_EUSART1_SetFramingErrorHandler
   901 ;;		_EUSART1_SetOverrunErrorHandler
   902 ;; This function is called by:
   903 ;;		_SYSTEM_Initialize
   904 ;; This function uses a non-reentrant model
   905 ;;
   906                           
   907                           	psect	text8
   908   000FFC                     __ptext8:
   909                           	callstack 0
   910   000FFC                     _EUSART1_Initialize:
   911                           	callstack 28
   912   000FFC                     
   913                           ;mcc_generated_files/eusart1.c: 71:     BAUDCON1 = 0x08;
   914   000FFC  0E08               	movlw	8
   915   000FFE  6EA7               	movwf	167,c	;volatile
   916                           
   917                           ;mcc_generated_files/eusart1.c: 74:     RCSTA1 = 0x90;
   918   001000  0E90               	movlw	144
   919   001002  6EAB               	movwf	171,c	;volatile
   920                           
   921                           ;mcc_generated_files/eusart1.c: 77:     TXSTA1 = 0x24;
   922   001004  0E24               	movlw	36
   923   001006  6EAC               	movwf	172,c	;volatile
   924                           
   925                           ;mcc_generated_files/eusart1.c: 80:     SPBRG1 = 0x08;
   926   001008  0E08               	movlw	8
   927   00100A  6EAF               	movwf	175,c	;volatile
   928                           
   929                           ;mcc_generated_files/eusart1.c: 83:     SPBRGH1 = 0x02;
   930   00100C  0E02               	movlw	2
   931   00100E  6E7D               	movwf	125,c	;volatile
   932   001010                     
   933                           ;mcc_generated_files/eusart1.c: 86:     EUSART1_SetFramingErrorHandler(EUSART1_DefaultFr
      +                          amingErrorHandler);
   934   001010  0E00               	movlw	0
   935   001012  6E07               	movwf	EUSART1_SetFramingErrorHandler@interruptHandler^0,c
   936   001014  0E00               	movlw	0
   937   001016  6E08               	movwf	(EUSART1_SetFramingErrorHandler@interruptHandler+1)^0,c
   938   001018  EC78  F008         	call	_EUSART1_SetFramingErrorHandler	;wreg free
   939   00101C                     
   940                           ;mcc_generated_files/eusart1.c: 87:     EUSART1_SetOverrunErrorHandler(EUSART1_DefaultOv
      +                          errunErrorHandler);
   941   00101C  0E00               	movlw	0
   942   00101E  6E07               	movwf	EUSART1_SetOverrunErrorHandler@interruptHandler^0,c
   943   001020  0E00               	movlw	0
   944   001022  6E08               	movwf	(EUSART1_SetOverrunErrorHandler@interruptHandler+1)^0,c
   945   001024  EC73  F008         	call	_EUSART1_SetOverrunErrorHandler	;wreg free
   946   001028                     
   947                           ;mcc_generated_files/eusart1.c: 88:     EUSART1_SetErrorHandler(EUSART1_DefaultErrorHand
      +                          ler);
   948   001028  0E00               	movlw	0
   949   00102A  6E07               	movwf	EUSART1_SetErrorHandler@interruptHandler^0,c
   950   00102C  0E00               	movlw	0
   951   00102E  6E08               	movwf	(EUSART1_SetErrorHandler@interruptHandler+1)^0,c
   952   001030  EC7D  F008         	call	_EUSART1_SetErrorHandler	;wreg free
   953   001034                     
   954                           ;mcc_generated_files/eusart1.c: 90:     eusart1RxLastError.status = 0;
   955   001034  0E00               	movlw	0
   956   001036  6E0B               	movwf	_eusart1RxLastError^0,c	;volatile
   957   001038  0012               	return		;funcret
   958   00103A                     __end_of_EUSART1_Initialize:
   959                           	callstack 0
   960                           
   961 ;; *************** function _EUSART1_SetOverrunErrorHandler *****************
   962 ;; Defined at:
   963 ;;		line 167 in file "mcc_generated_files/eusart1.c"
   964 ;; Parameters:    Size  Location     Type
   965 ;;  interruptHan    2    0[COMRAM] PTR FTN()void 
   966 ;;		 -> EUSART1_DefaultOverrunErrorHandler(1), 
   967 ;; Auto vars:     Size  Location     Type
   968 ;;		None
   969 ;; Return value:  Size  Location     Type
   970 ;;                  1    wreg      void 
   971 ;; Registers used:
   972 ;;		wreg, status,2, status,0
   973 ;; Tracked objects:
   974 ;;		On entry : 0/0
   975 ;;		On exit  : 0/0
   976 ;;		Unchanged: 0/0
   977 ;; Data sizes:     COMRAM   BANK0   BANK1   BANK2   BANK3   BANK4   BANK5   BANK6   BANK7   BANK8   BANK9  BANK10  BANK1
      +1  BANK12  BANK13  BANK14
   978 ;;      Params:         2       0       0       0       0       0       0       0       0       0       0       0       
      +0       0       0       0
   979 ;;      Locals:         0       0       0       0       0       0       0       0       0       0       0       0       
      +0       0       0       0
   980 ;;      Temps:          0       0       0       0       0       0       0       0       0       0       0       0       
      +0       0       0       0
   981 ;;      Totals:         2       0       0       0       0       0       0       0       0       0       0       0       
      +0       0       0       0
   982 ;;Total ram usage:        2 bytes
   983 ;; Hardware stack levels used: 1
   984 ;; This function calls:
   985 ;;		Nothing
   986 ;; This function is called by:
   987 ;;		_EUSART1_Initialize
   988 ;; This function uses a non-reentrant model
   989 ;;
   990                           
   991                           	psect	text9
   992   0010E6                     __ptext9:
   993                           	callstack 0
   994   0010E6                     _EUSART1_SetOverrunErrorHandler:
   995                           	callstack 28
   996   0010E6                     
   997                           ;mcc_generated_files/eusart1.c: 168:     EUSART1_OverrunErrorHandler = interruptHandler;
   998   0010E6  C007  F003         	movff	EUSART1_SetOverrunErrorHandler@interruptHandler,_EUSART1_OverrunErrorHandler
   999   0010EA  C008  F004         	movff	EUSART1_SetOverrunErrorHandler@interruptHandler+1,_EUSART1_OverrunErrorHandler+1
  1000   0010EE  0012               	return		;funcret
  1001   0010F0                     __end_of_EUSART1_SetOverrunErrorHandler:
  1002                           	callstack 0
  1003                           
  1004 ;; *************** function _EUSART1_SetFramingErrorHandler *****************
  1005 ;; Defined at:
  1006 ;;		line 163 in file "mcc_generated_files/eusart1.c"
  1007 ;; Parameters:    Size  Location     Type
  1008 ;;  interruptHan    2    0[COMRAM] PTR FTN()void 
  1009 ;;		 -> EUSART1_DefaultFramingErrorHandler(1), 
  1010 ;; Auto vars:     Size  Location     Type
  1011 ;;		None
  1012 ;; Return value:  Size  Location     Type
  1013 ;;                  1    wreg      void 
  1014 ;; Registers used:
  1015 ;;		wreg, status,2, status,0
  1016 ;; Tracked objects:
  1017 ;;		On entry : 0/0
  1018 ;;		On exit  : 0/0
  1019 ;;		Unchanged: 0/0
  1020 ;; Data sizes:     COMRAM   BANK0   BANK1   BANK2   BANK3   BANK4   BANK5   BANK6   BANK7   BANK8   BANK9  BANK10  BANK1
      +1  BANK12  BANK13  BANK14
  1021 ;;      Params:         2       0       0       0       0       0       0       0       0       0       0       0       
      +0       0       0       0
  1022 ;;      Locals:         0       0       0       0       0       0       0       0       0       0       0       0       
      +0       0       0       0
  1023 ;;      Temps:          0       0       0       0       0       0       0       0       0       0       0       0       
      +0       0       0       0
  1024 ;;      Totals:         2       0       0       0       0       0       0       0       0       0       0       0       
      +0       0       0       0
  1025 ;;Total ram usage:        2 bytes
  1026 ;; Hardware stack levels used: 1
  1027 ;; This function calls:
  1028 ;;		Nothing
  1029 ;; This function is called by:
  1030 ;;		_EUSART1_Initialize
  1031 ;; This function uses a non-reentrant model
  1032 ;;
  1033                           
  1034                           	psect	text10
  1035   0010F0                     __ptext10:
  1036                           	callstack 0
  1037   0010F0                     _EUSART1_SetFramingErrorHandler:
  1038                           	callstack 28
  1039   0010F0                     
  1040                           ;mcc_generated_files/eusart1.c: 164:     EUSART1_FramingErrorHandler = interruptHandler;
  1041   0010F0  C007  F005         	movff	EUSART1_SetFramingErrorHandler@interruptHandler,_EUSART1_FramingErrorHandler
  1042   0010F4  C008  F006         	movff	EUSART1_SetFramingErrorHandler@interruptHandler+1,_EUSART1_FramingErrorHandler+1
  1043   0010F8  0012               	return		;funcret
  1044   0010FA                     __end_of_EUSART1_SetFramingErrorHandler:
  1045                           	callstack 0
  1046                           
  1047 ;; *************** function _EUSART1_SetErrorHandler *****************
  1048 ;; Defined at:
  1049 ;;		line 171 in file "mcc_generated_files/eusart1.c"
  1050 ;; Parameters:    Size  Location     Type
  1051 ;;  interruptHan    2    0[COMRAM] PTR FTN()void 
  1052 ;;		 -> EUSART1_DefaultErrorHandler(1), 
  1053 ;; Auto vars:     Size  Location     Type
  1054 ;;		None
  1055 ;; Return value:  Size  Location     Type
  1056 ;;                  1    wreg      void 
  1057 ;; Registers used:
  1058 ;;		wreg, status,2, status,0
  1059 ;; Tracked objects:
  1060 ;;		On entry : 0/0
  1061 ;;		On exit  : 0/0
  1062 ;;		Unchanged: 0/0
  1063 ;; Data sizes:     COMRAM   BANK0   BANK1   BANK2   BANK3   BANK4   BANK5   BANK6   BANK7   BANK8   BANK9  BANK10  BANK1
      +1  BANK12  BANK13  BANK14
  1064 ;;      Params:         2       0       0       0       0       0       0       0       0       0       0       0       
      +0       0       0       0
  1065 ;;      Locals:         0       0       0       0       0       0       0       0       0       0       0       0       
      +0       0       0       0
  1066 ;;      Temps:          0       0       0       0       0       0       0       0       0       0       0       0       
      +0       0       0       0
  1067 ;;      Totals:         2       0       0       0       0       0       0       0       0       0       0       0       
      +0       0       0       0
  1068 ;;Total ram usage:        2 bytes
  1069 ;; Hardware stack levels used: 1
  1070 ;; This function calls:
  1071 ;;		Nothing
  1072 ;; This function is called by:
  1073 ;;		_EUSART1_Initialize
  1074 ;; This function uses a non-reentrant model
  1075 ;;
  1076                           
  1077                           	psect	text11
  1078   0010FA                     __ptext11:
  1079                           	callstack 0
  1080   0010FA                     _EUSART1_SetErrorHandler:
  1081                           	callstack 28
  1082   0010FA                     
  1083                           ;mcc_generated_files/eusart1.c: 172:     EUSART1_ErrorHandler = interruptHandler;
  1084   0010FA  C007  F001         	movff	EUSART1_SetErrorHandler@interruptHandler,_EUSART1_ErrorHandler
  1085   0010FE  C008  F002         	movff	EUSART1_SetErrorHandler@interruptHandler+1,_EUSART1_ErrorHandler+1
  1086   001102  0012               	return		;funcret
  1087   001104                     __end_of_EUSART1_SetErrorHandler:
  1088                           	callstack 0
  1089                           
  1090                           	psect	rparam
  1091   000000                     
  1092                           	psect	idloc
  1093                           
  1094                           ;Config register IDLOC0 @ 0x200000
  1095                           ;	unspecified, using default values
  1096   200000                     	org	2097152
  1097   200000  FF                 	db	255
  1098                           
  1099                           ;Config register IDLOC1 @ 0x200001
  1100                           ;	unspecified, using default values
  1101   200001                     	org	2097153
  1102   200001  FF                 	db	255
  1103                           
  1104                           ;Config register IDLOC2 @ 0x200002
  1105                           ;	unspecified, using default values
  1106   200002                     	org	2097154
  1107   200002  FF                 	db	255
  1108                           
  1109                           ;Config register IDLOC3 @ 0x200003
  1110                           ;	unspecified, using default values
  1111   200003                     	org	2097155
  1112   200003  FF                 	db	255
  1113                           
  1114                           ;Config register IDLOC4 @ 0x200004
  1115                           ;	unspecified, using default values
  1116   200004                     	org	2097156
  1117   200004  FF                 	db	255
  1118                           
  1119                           ;Config register IDLOC5 @ 0x200005
  1120                           ;	unspecified, using default values
  1121   200005                     	org	2097157
  1122   200005  FF                 	db	255
  1123                           
  1124                           ;Config register IDLOC6 @ 0x200006
  1125                           ;	unspecified, using default values
  1126   200006                     	org	2097158
  1127   200006  FF                 	db	255
  1128                           
  1129                           ;Config register IDLOC7 @ 0x200007
  1130                           ;	unspecified, using default values
  1131   200007                     	org	2097159
  1132   200007  FF                 	db	255
  1133                           
  1134                           	psect	config
  1135                           
  1136                           ;Config register CONFIG1L @ 0x300000
  1137                           ;	VREG Sleep Enable bit
  1138                           ;	RETEN = OFF, Ultra low-power regulator is Disabled (Controlled by REGSLP bit)
  1139                           ;	LF-INTOSC Low-power Enable bit
  1140                           ;	INTOSCSEL = HIGH, LF-INTOSC in High-power mode during Sleep
  1141                           ;	SOSC Power Selection and mode Configuration bits
  1142                           ;	SOSCSEL = DIG, Digital (SCLKI) mode
  1143                           ;	Extended Instruction Set
  1144                           ;	XINST = OFF, Disabled
  1145   300000                     	org	3145728
  1146   300000  15                 	db	21
  1147                           
  1148                           ;Config register CONFIG1H @ 0x300001
  1149                           ;	Oscillator
  1150                           ;	FOSC = HS2, HS oscillator (High power, 16 MHz - 25 MHz)
  1151                           ;	PLL x4 Enable bit
  1152                           ;	PLLCFG = OFF, Disabled
  1153                           ;	Fail-Safe Clock Monitor
  1154                           ;	FCMEN = OFF, Disabled
  1155                           ;	Internal External Oscillator Switch Over Mode
  1156                           ;	IESO = OFF, Disabled
  1157   300001                     	org	3145729
  1158   300001  02                 	db	2
  1159                           
  1160                           ;Config register CONFIG2L @ 0x300002
  1161                           ;	Power Up Timer
  1162                           ;	PWRTEN = OFF, Disabled
  1163                           ;	Brown Out Detect
  1164                           ;	BOREN = SBORDIS, Enabled in hardware, SBOREN disabled
  1165                           ;	Brown-out Reset Voltage bits
  1166                           ;	BORV = 3, 1.8V
  1167                           ;	BORMV Power level
  1168                           ;	BORPWR = ZPBORMV, ZPBORMV instead of BORMV is selected
  1169   300002                     	org	3145730
  1170   300002  7F                 	db	127
  1171                           
  1172                           ;Config register CONFIG2H @ 0x300003
  1173                           ;	Watchdog Timer
  1174                           ;	WDTEN = OFF, WDT disabled in hardware; SWDTEN bit disabled
  1175                           ;	Watchdog Postscaler
  1176                           ;	WDTPS = 1048576, 1:1048576
  1177   300003                     	org	3145731
  1178   300003  50                 	db	80
  1179                           
  1180                           ; Padding undefined space
  1181   300004                     	org	3145732
  1182   300004  FF                 	db	255
  1183                           
  1184                           ;Config register CONFIG3H @ 0x300005
  1185                           ;	ECAN Mux bit
  1186                           ;	CANMX = PORTB, ECAN TX and RX pins are located on RB2 and RB3, respectively
  1187                           ;	MSSP address masking
  1188                           ;	MSSPMSK = MSK7, 7 Bit address masking mode
  1189                           ;	Master Clear Enable
  1190                           ;	MCLRE = ON, MCLR Enabled, RE3 Disabled
  1191   300005                     	org	3145733
  1192   300005  89                 	db	137
  1193                           
  1194                           ;Config register CONFIG4L @ 0x300006
  1195                           ;	Stack Overflow Reset
  1196                           ;	STVREN = ON, Enabled
  1197                           ;	Boot Block Size
  1198                           ;	BBSIZ = BB2K, 2K word Boot Block size
  1199                           ;	Background Debugger
  1200                           ;	DEBUG = 0x1, unprogrammed default
  1201   300006                     	org	3145734
  1202   300006  91                 	db	145
  1203                           
  1204                           ; Padding undefined space
  1205   300007                     	org	3145735
  1206   300007  FF                 	db	255
  1207                           
  1208                           ;Config register CONFIG5L @ 0x300008
  1209                           ;	Code Protect 00800-01FFF
  1210                           ;	CP0 = OFF, Disabled
  1211                           ;	Code Protect 02000-03FFF
  1212                           ;	CP1 = OFF, Disabled
  1213                           ;	Code Protect 04000-05FFF
  1214                           ;	CP2 = OFF, Disabled
  1215                           ;	Code Protect 06000-07FFF
  1216                           ;	CP3 = OFF, Disabled
  1217   300008                     	org	3145736
  1218   300008  0F                 	db	15
  1219                           
  1220                           ;Config register CONFIG5H @ 0x300009
  1221                           ;	Code Protect Boot
  1222                           ;	CPB = OFF, Disabled
  1223                           ;	Data EE Read Protect
  1224                           ;	CPD = OFF, Disabled
  1225   300009                     	org	3145737
  1226   300009  C0                 	db	192
  1227                           
  1228                           ;Config register CONFIG6L @ 0x30000A
  1229                           ;	Table Write Protect 00800-01FFF
  1230                           ;	WRT0 = OFF, Disabled
  1231                           ;	Table Write Protect 02000-03FFF
  1232                           ;	WRT1 = OFF, Disabled
  1233                           ;	Table Write Protect 04000-05FFF
  1234                           ;	WRT2 = OFF, Disabled
  1235                           ;	Table Write Protect 06000-07FFF
  1236                           ;	WRT3 = OFF, Disabled
  1237   30000A                     	org	3145738
  1238   30000A  0F                 	db	15
  1239                           
  1240                           ;Config register CONFIG6H @ 0x30000B
  1241                           ;	Config. Write Protect
  1242                           ;	WRTC = OFF, Disabled
  1243                           ;	Table Write Protect Boot
  1244                           ;	WRTB = OFF, Disabled
  1245                           ;	Data EE Write Protect
  1246                           ;	WRTD = OFF, Disabled
  1247   30000B                     	org	3145739
  1248   30000B  E0                 	db	224
  1249                           
  1250                           ;Config register CONFIG7L @ 0x30000C
  1251                           ;	Table Read Protect 00800-01FFF
  1252                           ;	EBTR0 = OFF, Disabled
  1253                           ;	Table Read Protect 02000-03FFF
  1254                           ;	EBTR1 = OFF, Disabled
  1255                           ;	Table Read Protect 04000-05FFF
  1256                           ;	EBTR2 = OFF, Disabled
  1257                           ;	Table Read Protect 06000-07FFF
  1258                           ;	EBTR3 = OFF, Disabled
  1259   30000C                     	org	3145740
  1260   30000C  0F                 	db	15
  1261                           
  1262                           ;Config register CONFIG7H @ 0x30000D
  1263                           ;	Table Read Protect Boot
  1264                           ;	EBTRB = OFF, Disabled
  1265   30000D                     	org	3145741
  1266   30000D  40                 	db	64
  1267                           tosu	equ	0xFFF
  1268                           tosh	equ	0xFFE
  1269                           tosl	equ	0xFFD
  1270                           stkptr	equ	0xFFC
  1271                           pclatu	equ	0xFFB
  1272                           pclath	equ	0xFFA
  1273                           pcl	equ	0xFF9
  1274                           tblptru	equ	0xFF8
  1275                           tblptrh	equ	0xFF7
  1276                           tblptrl	equ	0xFF6
  1277                           tablat	equ	0xFF5
  1278                           prodh	equ	0xFF4
  1279                           prodl	equ	0xFF3
  1280                           indf0	equ	0xFEF
  1281                           postinc0	equ	0xFEE
  1282                           postdec0	equ	0xFED
  1283                           preinc0	equ	0xFEC
  1284                           plusw0	equ	0xFEB
  1285                           fsr0h	equ	0xFEA
  1286                           fsr0l	equ	0xFE9
  1287                           wreg	equ	0xFE8
  1288                           indf1	equ	0xFE7
  1289                           postinc1	equ	0xFE6
  1290                           postdec1	equ	0xFE5
  1291                           preinc1	equ	0xFE4
  1292                           plusw1	equ	0xFE3
  1293                           fsr1h	equ	0xFE2
  1294                           fsr1l	equ	0xFE1
  1295                           bsr	equ	0xFE0
  1296                           indf2	equ	0xFDF
  1297                           postinc2	equ	0xFDE
  1298                           postdec2	equ	0xFDD
  1299                           preinc2	equ	0xFDC
  1300                           plusw2	equ	0xFDB
  1301                           fsr2h	equ	0xFDA
  1302                           fsr2l	equ	0xFD9
  1303                           status	equ	0xFD8

Data Sizes:
    Strings     0
    Constant    184
    Data        0
    BSS         1
    Persistent  6
    Stack       0

Auto Spaces:
    Space          Size  Autos    Used
    COMRAM           95      4      11
    BANK0           160      0       0
    BANK1           256      0       0
    BANK2           256      0       0
    BANK3           256      0       0
    BANK4           256      0       0
    BANK5           256      0       0
    BANK6           256      0       0
    BANK7           256      0       0
    BANK8           256      0       0
    BANK9           256      0       0
    BANK10          256      0       0
    BANK11          256      0       0
    BANK12          256      0       0
    BANK13          256      0       0
    BANK14           65      0       0

Pointer List with Targets:

    EUSART1_ErrorHandler	PTR FTN()void  size(2) Largest target is 1
		 -> EUSART1_DefaultErrorHandler(), NULL(), 

    EUSART1_FramingErrorHandler	PTR FTN()void  size(2) Largest target is 1
		 -> EUSART1_DefaultFramingErrorHandler(), NULL(), 

    EUSART1_OverrunErrorHandler	PTR FTN()void  size(2) Largest target is 1
		 -> EUSART1_DefaultOverrunErrorHandler(), NULL(), 

    EUSART1_SetErrorHandler@interruptHandler	PTR FTN()void  size(2) Largest target is 1
		 -> EUSART1_DefaultErrorHandler(), 

    EUSART1_SetFramingErrorHandler@interruptHandler	PTR FTN()void  size(2) Largest target is 1
		 -> EUSART1_DefaultFramingErrorHandler(), 

    EUSART1_SetOverrunErrorHandler@interruptHandler	PTR FTN()void  size(2) Largest target is 1
		 -> EUSART1_DefaultOverrunErrorHandler(), 


Critical Paths under _main in COMRAM

    _main->_sinus_60
    _sinus_60->_out_dig
    _out_dig->_SPI_ExchangeByte
    _EUSART1_Initialize->_EUSART1_SetErrorHandler
    _EUSART1_Initialize->_EUSART1_SetFramingErrorHandler
    _EUSART1_Initialize->_EUSART1_SetOverrunErrorHandler

Critical Paths under _main in BANK0

    None.

Critical Paths under _main in BANK1

    None.

Critical Paths under _main in BANK2

    None.

Critical Paths under _main in BANK3

    None.

Critical Paths under _main in BANK4

    None.

Critical Paths under _main in BANK5

    None.

Critical Paths under _main in BANK6

    None.

Critical Paths under _main in BANK7

    None.

Critical Paths under _main in BANK8

    None.

Critical Paths under _main in BANK9

    None.

Critical Paths under _main in BANK10

    None.

Critical Paths under _main in BANK11

    None.

Critical Paths under _main in BANK12

    None.

Critical Paths under _main in BANK13

    None.

Critical Paths under _main in BANK14

    None.

Call Graph Tables:

 ---------------------------------------------------------------------------------
 (Depth) Function   	        Calls       Base Space   Used Autos Params    Refs
 ---------------------------------------------------------------------------------
 (0) _main                                                 6     6      0     369
                  _SYSTEM_Initialize
                           _sinus_60
 ---------------------------------------------------------------------------------
 (1) _sinus_60                                             2     2      0      75
                                              2 COMRAM     2     2      0
                            _out_dig
 ---------------------------------------------------------------------------------
 (2) _out_dig                                              1     1      0      30
                                              1 COMRAM     1     1      0
                   _SPI_ExchangeByte
 ---------------------------------------------------------------------------------
 (3) _SPI_ExchangeByte                                     1     1      0      15
                                              0 COMRAM     1     1      0
 ---------------------------------------------------------------------------------
 (1) _SYSTEM_Initialize                                    0     0      0     294
                 _EUSART1_Initialize
              _OSCILLATOR_Initialize
             _PIN_MANAGER_Initialize
                     _SPI_Initialize
 ---------------------------------------------------------------------------------
 (2) _SPI_Initialize                                       0     0      0       0
 ---------------------------------------------------------------------------------
 (2) _PIN_MANAGER_Initialize                               0     0      0       0
 ---------------------------------------------------------------------------------
 (2) _OSCILLATOR_Initialize                                0     0      0       0
 ---------------------------------------------------------------------------------
 (2) _EUSART1_Initialize                                   0     0      0     294
            _EUSART1_SetErrorHandler
     _EUSART1_SetFramingErrorHandler
     _EUSART1_SetOverrunErrorHandler
 ---------------------------------------------------------------------------------
 (3) _EUSART1_SetOverrunErrorHandler                       2     0      2      98
                                              0 COMRAM     2     0      2
 ---------------------------------------------------------------------------------
 (3) _EUSART1_SetFramingErrorHandler                       2     0      2      98
                                              0 COMRAM     2     0      2
 ---------------------------------------------------------------------------------
 (3) _EUSART1_SetErrorHandler                              2     0      2      98
                                              0 COMRAM     2     0      2
 ---------------------------------------------------------------------------------
 Estimated maximum stack depth 3
 ---------------------------------------------------------------------------------

 Call Graph Graphs:

 _main (ROOT)
   _SYSTEM_Initialize
     _EUSART1_Initialize
       _EUSART1_SetErrorHandler
       _EUSART1_SetFramingErrorHandler
       _EUSART1_SetOverrunErrorHandler
     _OSCILLATOR_Initialize
     _PIN_MANAGER_Initialize
     _SPI_Initialize
   _sinus_60
     _out_dig
       _SPI_ExchangeByte

 Address spaces:
Name               Size   Autos  Total    Cost      Usage
BIGRAM             E40      0       0      47        0.0%
EEDATA             400      0       0       0        0.0%
BITBIGSFRllll      11A      0       0      36        0.0%
BITBANK13          100      0       0      46        0.0%
BANK13             100      0       0      22        0.0%
BITBANK12          100      0       0      45        0.0%
BANK12             100      0       0      21        0.0%
BITBANK11          100      0       0      44        0.0%
BANK11             100      0       0      20        0.0%
BITBANK10          100      0       0      43        0.0%
BANK10             100      0       0      19        0.0%
BITBANK9           100      0       0      42        0.0%
BANK9              100      0       0      18        0.0%
BITBANK8           100      0       0      41        0.0%
BANK8              100      0       0      17        0.0%
BITBANK7           100      0       0      40        0.0%
BANK7              100      0       0      16        0.0%
BITBANK6           100      0       0      39        0.0%
BANK6              100      0       0      15        0.0%
BITBANK5           100      0       0      38        0.0%
BANK5              100      0       0      14        0.0%
BITBANK4           100      0       0      12        0.0%
BANK4              100      0       0      13        0.0%
BITBANK3           100      0       0      10        0.0%
BANK3              100      0       0      11        0.0%
BITBANK2           100      0       0       8        0.0%
BANK2              100      0       0       9        0.0%
BITBANK1           100      0       0       6        0.0%
BANK1              100      0       0       7        0.0%
BITBANK0            A0      0       0       4        0.0%
BANK0               A0      0       0       5        0.0%
BITCOMRAM           5F      0       0       0        0.0%
COMRAM              5F      4       B       1       11.6%
BITBANK14           41      0       0      23        0.0%
BANK14              41      0       0      24        0.0%
BITBIGSFRlllhl      1F      0       0      35        0.0%
BITBIGSFRhl         1D      0       0      26        0.0%
BITBIGSFRlhlhhh     15      0       0      28        0.0%
BITBIGSFRhh          D      0       0      25        0.0%
BITBIGSFRlllhh       B      0       0      34        0.0%
BITBIGSFRlhlhl       8      0       0      30        0.0%
BITBIGSFRlhh         8      0       0      27        0.0%
BITBIGSFRllhl        6      0       0      33        0.0%
BITBIGSFRllhh        5      0       0      32        0.0%
BITBIGSFRlhlhhl      3      0       0      29        0.0%
BITBIGSFRlhll        2      0       0      31        0.0%
BIGSFR               0      0       0     200        0.0%
BITSFR_2             0      0       0     200        0.0%
SFR_2                0      0       0     200        0.0%
BITSFR_1             0      0       0     200        0.0%
SFR_1                0      0       0     200        0.0%
BITSFR               0      0       0     200        0.0%
SFR                  0      0       0     200        0.0%
STACK                0      0       0       2        0.0%
NULL                 0      0       0       0        0.0%
ABS                  0      0       B      37        0.0%
DATA                 0      0       B       3        0.0%
CODE                 0      0       0       0        0.0%


Microchip Technology PIC18 Macro Assembler V2.45 build 20230818022343 
Symbol Table                                                                                   Tue Mar 04 11:14:19 2025

                                _SPI_Initialize 10B6                                              l22 10D8  
                                            l19 10B4                                              l47 1060  
                                            l91 1092                                              l83 0FBA  
                                            l95 10A2                                              u10 1076  
                                            u11 1072                                              u20 0FF6  
                                            u21 0FF2                                             l116 10C6  
                                           l126 1068                                             l128 1076  
                                           l241 10F8                                             l129 107A  
                                           l244 10EE                                             l247 1102  
                                           l199 1038                                             l931 10B6  
                                           l923 1064                                             l941 105E  
                                           l933 10C2                                             l943 10C8  
                                           l935 10C4                                             l937 103A  
                                           l939 104A                                             l955 1094  
                                           l971 0FD4                                             l963 0FBA  
                                           l957 10A0                                             l973 0FE4  
                                           l975 0FE6                                             l969 0FBE  
                                           u137 0FDA                                             _car 0F3D  
                                           _sin 0F79                                             _tri 0F01  
                                           wreg 0FE8                                      _TXSTA1bits 0FAC  
                                          l1071 10F0                                            l1073 10E6  
                                          l1081 101C                                            l1075 10FA  
                                          l1083 1028                                            l1091 107C  
                                          l1085 1034                                            l1077 0FFC  
                                          l1093 1080                                            l1079 1010  
                                          l1087 10A4                                            l1095 1082  
                                          l1089 10B0                                            l1097 1084  
                                          _LATA 0F89                                            _LATB 0F8A  
                                          _LATC 0F8B                                            _WPUB 0F5B  
                                          _main 107C                                            start 0000  
                        __end_of_SPI_Initialize 10C8                                    ___param_bank 0000  
                 __end_of_OSCILLATOR_Initialize 10DA                                           ?_main 0007  
                                         _TRISA 0F92                                           _TRISB 0F93  
                                         _TRISC 0F94                                           tablat 0FF5  
                               __end_of_out_dig 10A4              _EUSART1_DefaultFramingErrorHandler 0000  
                               ?_SPI_Initialize 0007                                 __initialization 10DA  
                    __end_of_EUSART1_Initialize 103A                                    __end_of_main 1090  
                                        ??_main 000B                                   __activetblptr 0002  
                      __end_of_SPI_ExchangeByte 107C                                          _ANCON0 0F5D  
                                        _ANCON1 0F5C                                          _RCREG1 0FAE  
                                        _RCSTA1 0FAB                                          _OSCCON 0FD3  
                                        _SPBRG1 0FAF                                          _SSPADD 0FC8  
                                        _SSPBUF 0FC9                                          _TXREG1 0FAD  
                                        _TXSTA1 0FAC                        ?_EUSART1_SetErrorHandler 0007  
                                        isa$std 0001                ??_EUSART1_SetOverrunErrorHandler 0009  
               ?_EUSART1_SetOverrunErrorHandler 0007                                    __mediumconst 0000  
                              __end_of_sinus_60 0FFC                                          tblptrh 0FF7  
                                        tblptrl 0FF6                                          tblptru 0FF8  
                                     ??_out_dig 0008                               _SYSTEM_Initialize 10A4  
                                    __accesstop 0060                         __end_of__initialization 10DC  
                            ?_SYSTEM_Initialize 0007                                   ___rparam_used 0001  
                                __pcstackCOMRAM 0007                             ??_SYSTEM_Initialize 0009  
                     __end_of_SYSTEM_Initialize 10B6                                      __pnvCOMRAM 0001  
               __end_of_EUSART1_SetErrorHandler 1104          __end_of_EUSART1_SetFramingErrorHandler 10FA  
                _EUSART1_SetFramingErrorHandler 10F0                                         _REFOCON 0F9A  
                                       _OSCCON2 0FD2                                         _OSCTUNE 0F9B  
                                       _SPBRGH1 0F7D                                         _SSPCON1 0FC6  
                                       _SSPCON2 0FC5                                         _SSPSTAT 0FC7  
                              ??_SPI_Initialize 0007                                         __Hparam 0000  
                                       __Lparam 0000                                       ?_sinus_60 0007  
                                  __psmallconst 0F00                                         __pcinit 10DA  
                                       __ramtop 0F00                                         __ptext0 107C  
                                       __ptext1 0FBA                                         __ptext2 1090  
                                       __ptext3 1062                                         __ptext4 10A4  
                                       __ptext5 10B6                                         __ptext6 103A  
                                       __ptext7 10C8                                         __ptext8 0FFC  
                                       __ptext9 10E6                           _OSCILLATOR_Initialize 10C8  
                            _EUSART1_Initialize 0FFC                        ??_PIN_MANAGER_Initialize 0007  
                                       _out_dig 1090                               ?_SPI_ExchangeByte 0007  
                          end_of_initialization 10DC                             ?_EUSART1_Initialize 0007  
                            ??_SPI_ExchangeByte 0007                                   __Lmediumconst 0000  
                   _EUSART1_OverrunErrorHandler 0003                                      ??_sinus_60 0009  
                          ??_EUSART1_Initialize 0009                               _spi_configuration 0FB5  
                                     _TRISCbits 0F94                            SPI_ExchangeByte@data 0007  
                     __end_of_spi_configuration 0FB9                          ?_OSCILLATOR_Initialize 0007  
                           start_initialization 10DA                                     __end_of_car 0F79  
                                   __end_of_sin 0FB5                                     __end_of_tri 0F3D  
                                   __pbssCOMRAM 000B                ??_EUSART1_SetFramingErrorHandler 0009  
               ?_EUSART1_SetFramingErrorHandler 0007                          _PIN_MANAGER_Initialize 103A  
                                   __smallconst 0F00                                        _BAUDCON1 0FA7  
            _EUSART1_DefaultOverrunErrorHandler 0000                            _EUSART1_ErrorHandler 0001  
                       _EUSART1_SetErrorHandler 10FA                                        ?_out_dig 0007  
                                      _LATAbits 0F89         EUSART1_SetErrorHandler@interruptHandler 0007  
                                      _PIR1bits 0F9E                                     _INTCON2bits 0FF1  
                                      __Hrparam 0000                                        __Lrparam 0000  
                       ??_OSCILLATOR_Initialize 0007                       ??_EUSART1_SetErrorHandler 0009  
                   _EUSART1_DefaultErrorHandler 0000                                        __ptext10 10F0  
                                      __ptext11 10FA  EUSART1_SetOverrunErrorHandler@interruptHandler 0007  
                                      isa$xinst 0000                                        _sinus_60 0FBA  
                                     sinus_60@i 000A                     _EUSART1_FramingErrorHandler 0005  
                                    _INTCONbits 0FF2                         ?_PIN_MANAGER_Initialize 0007  
        __end_of_EUSART1_SetOverrunErrorHandler 10F0                  _EUSART1_SetOverrunErrorHandler 10E6  
                                    _RCSTA1bits 0FAB                                _SPI_ExchangeByte 1062  
EUSART1_SetFramingErrorHandler@interruptHandler 0007                                        out_dig@x 0008  
                            _eusart1RxLastError 000B                                     _SSPCON1bits 0FC6  
                __end_of_PIN_MANAGER_Initialize 1062  
